Symbol range map extraction starting
Processing 36 files
startProcessing "com\example\examplemod\ExampleMod.java" md5: ad74a1961a0cb79c5bce83ee95afc687
Cache Hit!
endProcessing "com\example\examplemod\ExampleMod.java"

startProcessing "com\tigres810\adventurermod\Main.java" md5: 7a823e5d44f25c895f5c4ce2dc729e91
Cache Hit!
endProcessing "com\tigres810\adventurermod\Main.java"

startProcessing "com\tigres810\adventurermod\blocks\BlockBase.java" md5: f5193cefafaf279953984e6b91598004
Cache Hit!
endProcessing "com\tigres810\adventurermod\blocks\BlockBase.java"

startProcessing "com\tigres810\adventurermod\blocks\gui\ContainerFluxGeneratorBlock.java" md5: ef4c53646bf07b38a5c350b1eee831dc
Cache Hit!
endProcessing "com\tigres810\adventurermod\blocks\gui\ContainerFluxGeneratorBlock.java"

startProcessing "com\tigres810\adventurermod\blocks\machines\BlockEntityFluxGenerator.java" md5: 22f02d97ee3efbc3556ceac04599c336
Cache Hit!
endProcessing "com\tigres810\adventurermod\blocks\machines\BlockEntityFluxGenerator.java"

startProcessing "com\tigres810\adventurermod\blocks\machines\container\ContainerBlockEntityFluxGenerator.java" md5: 57acd58ced51c48f0b1ebd2d5ef2be33
Cache Hit!
endProcessing "com\tigres810\adventurermod\blocks\machines\container\ContainerBlockEntityFluxGenerator.java"

startProcessing "com\tigres810\adventurermod\blocks\machines\tileentity\TileEntityEnergy.java" md5: 5fd152977ffe26d06691bfc80d80461a
Cache Hit!
endProcessing "com\tigres810\adventurermod\blocks\machines\tileentity\TileEntityEnergy.java"

startProcessing "com\tigres810\adventurermod\blocks\machines\tileentity\TileEntityFluxGenerator.java" md5: d637da38c4ede75ea01cb74fd1a195f0
Cache Hit!
endProcessing "com\tigres810\adventurermod\blocks\machines\tileentity\TileEntityFluxGenerator.java"

startProcessing "com\tigres810\adventurermod\blocks\pipes\BlockEntityFluxPipe.java" md5: 6f4f7521f6b62edda4275d7716f2f125
Cache Hit!
endProcessing "com\tigres810\adventurermod\blocks\pipes\BlockEntityFluxPipe.java"

startProcessing "com\tigres810\adventurermod\blocks\pipes\BlockEntityFluxPipeSideConnector.java" md5: 47f3e19b4141f7c8378cb5535604bfd4
Cache Hit!
endProcessing "com\tigres810\adventurermod\blocks\pipes\BlockEntityFluxPipeSideConnector.java"

startProcessing "com\tigres810\adventurermod\blocks\pipes\tileentity\TileEntityFluxPipe.java" md5: 8378d8b54c6f2d00cbaa884d9f0528f8
Cache Hit!
endProcessing "com\tigres810\adventurermod\blocks\pipes\tileentity\TileEntityFluxPipe.java"

startProcessing "com\tigres810\adventurermod\blocks\pipes\tileentity\TileEntityFluxPipeSideConnector.java" md5: aff462da30f42faf4e25cfc2a8c236f9
Cache Hit!
endProcessing "com\tigres810\adventurermod\blocks\pipes\tileentity\TileEntityFluxPipeSideConnector.java"

startProcessing "com\tigres810\adventurermod\blocks\statements\TileEntityCable.java" md5: 83a2e58da345d2076b179a7eb8865b07
Cache Hit!
endProcessing "com\tigres810\adventurermod\blocks\statements\TileEntityCable.java"

startProcessing "com\tigres810\adventurermod\blocks\statements\TileEntityCustom.java" md5: 41707e9d6c8a22b16a62261e2b6d1905
Cache Hit!
endProcessing "com\tigres810\adventurermod\blocks\statements\TileEntityCustom.java"

startProcessing "com\tigres810\adventurermod\blocks\statements\TileEntityRenderCable.java" md5: 5457e6fa21984d239f868395b22fb9e3
Cache Hit!
endProcessing "com\tigres810\adventurermod\blocks\statements\TileEntityRenderCable.java"

startProcessing "com\tigres810\adventurermod\client\gui\GuiInformationTablet.java" md5: fa9a0f2c0d51e7be857fb2285d3ed29b
Cache Hit!
endProcessing "com\tigres810\adventurermod\client\gui\GuiInformationTablet.java"

startProcessing "com\tigres810\adventurermod\client\gui\GuiInformationTabletButton.java" md5: f46935e3e961c5e060f437b93970e5fd
Cache Hit!
endProcessing "com\tigres810\adventurermod\client\gui\GuiInformationTabletButton.java"

startProcessing "com\tigres810\adventurermod\energy\CustomEnergyStorage.java" md5: 7eb27cdb316bab8216ca7e9e8d0773ab
Cache Hit!
endProcessing "com\tigres810\adventurermod\energy\CustomEnergyStorage.java"

startProcessing "com\tigres810\adventurermod\init\ModBlocks.java" md5: 5fadbd57a34efe30f456431409332ad5
Cache Hit!
endProcessing "com\tigres810\adventurermod\init\ModBlocks.java"

startProcessing "com\tigres810\adventurermod\init\ModFluids.java" md5: 5d618f62d0d44e899a5d26a25de3deab
Cache Hit!
endProcessing "com\tigres810\adventurermod\init\ModFluids.java"

startProcessing "com\tigres810\adventurermod\init\ModItems.java" md5: bb9fea3ada09f54c60a84f041d5066ae
Cache Hit!
endProcessing "com\tigres810\adventurermod\init\ModItems.java"

startProcessing "com\tigres810\adventurermod\items\ItemBase.java" md5: b9c235736e2b62756bfb128099231b2d
Cache Hit!
endProcessing "com\tigres810\adventurermod\items\ItemBase.java"

startProcessing "com\tigres810\adventurermod\proxy\ClientProxy.java" md5: 2f3c9701008eb30ba0ede5ef70eb3a7f
Cache Hit!
endProcessing "com\tigres810\adventurermod\proxy\ClientProxy.java"

startProcessing "com\tigres810\adventurermod\proxy\CommonProxy.java" md5: e28690bfcf6b154e538fa11283676a1e
Cache Hit!
endProcessing "com\tigres810\adventurermod\proxy\CommonProxy.java"

startProcessing "com\tigres810\adventurermod\tabs\AdventurerModBlocksTab.java" md5: 485df2a0adc2437a218fc7fffd4e1924
Cache Hit!
endProcessing "com\tigres810\adventurermod\tabs\AdventurerModBlocksTab.java"

startProcessing "com\tigres810\adventurermod\tabs\AdventurerModItemsTab.java" md5: df5d18fc13747bdc2aa88001c3bc6395
Cache Hit!
endProcessing "com\tigres810\adventurermod\tabs\AdventurerModItemsTab.java"

startProcessing "com\tigres810\adventurermod\tools\IRestorableTileEntity.java" md5: 345a442b9e444d2c7e0ad893276ec572
Cache Hit!
endProcessing "com\tigres810\adventurermod\tools\IRestorableTileEntity.java"

startProcessing "com\tigres810\adventurermod\util\IHasModel.java" md5: 8ff2ca51ad88256923317edeec13de4e
Cache Hit!
endProcessing "com\tigres810\adventurermod\util\IHasModel.java"

startProcessing "com\tigres810\adventurermod\util\Reference.java" md5: c5aafbb5862ea2a12eb9cd7fc05b9cc2
Cache Hit!
endProcessing "com\tigres810\adventurermod\util\Reference.java"

startProcessing "com\tigres810\adventurermod\util\WorldUtil.java" md5: bb7b3bd3283d062d35cabff1eea9c079
Cache Hit!
endProcessing "com\tigres810\adventurermod\util\WorldUtil.java"

startProcessing "com\tigres810\adventurermod\util\handler\GuiHandler.java" md5: 120b72443b755cd94d100102388f9e6c
Cache Hit!
endProcessing "com\tigres810\adventurermod\util\handler\GuiHandler.java"

startProcessing "com\tigres810\adventurermod\util\handler\RegistryHandler.java" md5: 4975e45c8e8d8472ec531d17cefb0554
Cache Hit!
endProcessing "com\tigres810\adventurermod\util\handler\RegistryHandler.java"

startProcessing "com\tigres810\adventurermod\util\handler\RenderHandler.java" md5: e5855253c0a9a7c4a447943b2b90a419
Cache Hit!
endProcessing "com\tigres810\adventurermod\util\handler\RenderHandler.java"

startProcessing "com\tigres810\adventurermod\util\handler\TileEntityHandler.java" md5: 410ce4951dcf2ababf50e33d34887dae
Cache Hit!
endProcessing "com\tigres810\adventurermod\util\handler\TileEntityHandler.java"

startProcessing "fluids\FluidBase.java" md5: 8bd2b996a5abcd7cfe366273ac5645a6
Cache Hit!
endProcessing "fluids\FluidBase.java"

startProcessing "fluids\FluidLiquid.java" md5: e51fcb9ca7af535626182264dd2ce35f
Cache Hit!
endProcessing "fluids\FluidLiquid.java"

